[   0.000] Linux version 4.15.0-88-generic (buildd@lgw01-amd64-036) (gcc version 7.4.0 (Ubuntu 7.4.0-1ubuntu1~18.04.1)) #88-Ubuntu SMP Tue Feb 11 20:11:34 UTC 2020 (Ubuntu 4.15.0-88.88-generic 4.15.18)
[    0.000000] Command line: BOOT_IMAGE=/boot/vmlinuz-4.15.0-88-generic root=UUID=21bd922a-7e24-4b08-8dcb-6e30aec99093 ro console=tty1 console=ttyS0
[    0.000000] KERNEL supported cpus:
[    0.000000]   Intel GenuineIntel
[    0.000000]   AMD AuthenticAMD
[    0.000000]   Centaur CentaurHauls
[    0.000000] x86/fpu: Supporting XSAVE feature 0x001: 'x87 floating point registers'
[    0.000000] x86/fpu: Supporting XSAVE feature 0x002: 'SSE registers'
[    0.000000] x86/fpu: Supporting XSAVE feature 0x004: 'AVX registers'
[    0.000000] x86/fpu: xstate_offset[2]:  576, xstate_sizes[2]:  256
[    0.000000] x86/fpu: Enabled xstate features 0x7, context size is 832 bytes, using 'standard' format.
[    0.000000] e820: BIOS-provided pysal RAM map:
[  0.000] BI-e20: em0x0000000000-0x0000000009fbff] usable
[    0.000000] BIOS-e820: [mem 0x000000000009fc00-0x000000000009ffff] reserved
[    0.000000] BIOS-e820: [mem 0x00000000000f0000-0x00000000000fffff] reserved
[    0.000000] BIOS-e820: [mem 0x00000000001000-0x000003ffff] usae
[   .00000] BIS-820: [em0x000003fff00-0x000000003fffffff] ACPI data
[    0.000000] BIOS-e820: [mem 0x00000000fec00000-0x00000000fec00fff] reserved
[    0.000000] BIOS-e820: [mem 0x00000000fee00000-0x00000000fee00fff] reserved
[    0.000000 BOS-e820: [m x0000000ffc000-000000fffff] esered
[    0000] X (Execute Disable) protection: active
[    0.000000] SMBIOS 2..5 present.
[    0.000000] DMI: innotek GmbH VirtualBox/VirtualBox, BIOS VirtualBox 12/01/2006
[    0.000000] Hypervisor detected: KVM
[   00000] e80: last_pfn = 0x3fff0 max_arch_pfn = 0x400000000
[    0.000000] MTRR: Disabled
[    0.000000] x86/PAT: MTRRs disabled, skipping PAT initialization too.
[    0.000000] CPU TRRs l blk  viralzed system
[    0.00000] 86PAT:oniguration [0-7]: WB  WT  UC- UC  WB  WT  UC- UC  
[    0.000000] found SMP MP-table at [mem 0x0009fff0-0x0009ffff]
[    0.000000] Scanning 1 areas for low memory corruption
[    0.000000] RAMDISK: [mem 0x35967000-0x36caafff]
[    0.000000] ACPI: Early table checksum verification disabled
[    0.000000] ACPI: RSDP 0x00000000000E0000 000024 (v02 VBOX  )
[    0.000000] ACPI: XSDT 0x000000003FFF0030 00003C (v01 VBOX   VBOXXSDT 00000001 ASL  00000061)
[    0.000000] ACPI: FACP 0x000000003FFF00F0 0000F4 (v04 VBOX   VBOXFACP 00000001 ASL  00000061)
[    0.000000] ACPI: DSDT 0x000000003FFF0470 0021FF (v02 VBOX   VBOXBIOS 00000002 INTL 20100528)
[    0.000000] ACPI: FACS 0x000000003FFF0200 000040
[    0.000000] ACPI: FACS 0x000000003FFF0200 000040
[    0.000000] ACPI: APIC 0x000000003FFF0240 00005C (v02 VBOX   VBOXAPIC 00000001 ASL  00000061)
[    0.000000] ACPI: SSDT 0x000000003FFF02A0 0001CC (v01 VBOX   VBOXCPUT 00000002 INTL 20100528)
[    0.000000] No NUMA configuration found
[    0.000000] Faking a node at [mem 0x0000000000000000-0x000000003ffeffff]
[    0.000000] NODE_DATA(0) allocated [mem 0x3ffc5000-0x3ffeffff]
[    0.000000] kvm-clock: cpu 0, msr 0:3ff44001, primary cpu clock
[    0.000000] kvm-clock: Using msrs 4b564d01 and 4b564d00
[    0.000000] kvm-clock: using sched offset of 3762790743 cycles
[    0.000000] clocksource: kvm-clock: mask: 0xffffffffffffffff max_cycles: 0x1cd42e4dffb, max_idle_ns: 881590591483 ns
[    0.000000] Zoneange:[    0.0000  MA      em 000000000000-0000000000fffff][    0.00000] DM32    [me0x0000000001000000-0x000000003ffeffff]
[    0.000000]   Normal   empty
[    0.000000]   Device   empty
[    0.000000] Movable zone start for each node
[    0.0000] Erly memory node ranges
[    0.000000]   node   0 [em 0000000000100-0x00000000009eff]
[   0.000000]   node   0: [mem 0x0000000000100000-0x000000003ffeffff]
[    0.000000] Reserved but unavilable: 98 pages
[    0.000000] Initmem setup node 0 [mem 0x0000000000001000-0x000000003ffeffff]
[    0.000000] ACPI: PM-Timer IO Port: 0x4008
[    0.000000] IOAPIC[0]: apic_id 2, version 32,addrss 0xfec00000, GSI 0-23
[    0.000000] ACPI: INT_SRC_OVR (bus 0 bus_irq 0 global_irq 2 dfl dfl)
[    0.000000] ACPI: INT_SRC_OVR (bus 0 bus_irq 9 global_irq 9 low level)
[    0.000000] Using ACPI (MADT) for SMP configuration information
[    0.000000] smpboot: Allowing 2 CPUs, 0 hotplug CPUs
[    0.000000] PM: Registered nosave memory: [mem 0x00000000-0x00000fff]
[    0.000000] PM: Registered nosave memory: [mem 0x0009f0000x0009ffff]
    0.000000] PM: Registered nosave memory: [mem 0x000a0000-0x000effff]
[    0.000000] PM: Registered nosave memory: [mem 0x000f0000-0x000fffff]
[    0.000000] e820: [mem 0x40000000-0xfebfffff] available for PCI devices
[    0.000000] Booting paravirtualized kernel on KVM[   0.00000] clocksource: efined-ifies:ma: 0xfffff max_cls: 0xffffff max_idl_n: 645190011568 ns
[    000000] random: get_random_bytes called from start_kern+099/0x4 wth cg_nit=
[    0.000000]setup_eru: N_CS:8192 n_cumask_it:2 nr_cp_i:2 nr_node_id1
[   0000000] percpu: Embdd 45 pages/cpu s147456 r8192 d267 u1048576
[   0.000] PV qspinlck hash abe enri: 256 (orr: 0, 4096 bytes)
[    0.000000] Built 1 zonelists, mobility grouping on.  Total pages: 257913
[    0.000000] Policy zone: DMA32
[    0.000] Kernelcomand line: BOOT_IMAGE=/boot/vmlinuz-4150-88-generic root=UUID=21bd2a7e24-4088dcbe3aec99093o console=tty1 consol=ttyS0
[    0.000000] Memory: 982544K/1048120K available (12300K kernel code, 2481K rwdata, 4264K rodata, 2428K init, 2712K bss, 65576K reserved, 0K cma-reserved)
[    0.000000] SLUB: HWalign=64, Order=0-3, MinObjects=0, CPUs=2, Nodes=1
[    0.000000] Kernel/User page tables isolation: enabled
[    0.000000] ftrace: allocating 39344 entries in 154 pages
[    0.004000] Hierarchical RCU implementation.
[    0.004000] 	RCU restricting CPUs from NR_CPUS=8192 to nr_cpu_ids=2.
[    0.004000] 	Tasks RCU enabled.
[    0.004000] RCU: Adjusting geometry for rcu_fanout_leaf=16, nr_cpu_ids=2
[    0.004000] NR_IRQS: 524544, nr_irqs: 440, preallocated irqs: 16
[    0.004000] Console: colour VGA+ 80x25
[    0.004000] console [tty1] enabled
[    0.004000] console [ttyS0] enabled
[    0.004000] ACPI: Core revision 20170831
[    0.004000] ACPI: 2 ACPI AML tables successfully acquired and loaded
[    0.004000] APIC: Switch to symmetric I/O mode setup
[    0.004000] x2apic enabled
[    0.004000] Switched APIC routing to physical x2apic.
[    0.004000] ..TIMER: vector=0x30 apic1=0 pin1=2 apic2=-1 pin2=-1
[    0.004004] tsc: Detected 2400.000 MHz processor
[    0.004779] Calibrating delay loop (skipped) preset value.. 4800.00 BogoMIPS (lpj=9600000)
[    0.005362] pid_max: default: 32768 minimum: 301
[    0.006238] Security Framework initialized
[    0.008005] Yama: becoming mindful.
[    0.012036] AppArmor: AppArmor initialized
[    0.016153] Dentry cache hash table entries: 131072 (order: 8, 1048576 bytes)
[    0.020130] Inode-cache hash table entries: 65536 (order: 7, 524288 bytes)
[    0.024034] Mount-cache hash table entries: 2048 (order: 2, 16384 bytes)
[    0.028015] Mountpoint-cache hash table entries: 2048 (order: 2, 16384 bytes)
[    0.029940] Last level iTLB entries: 4KB 64, 2MB 8, 4MB 8
[    0.031092] Last level dTLB entries: 4KB 64, 2MB 0, 4MB 0, 1GB 4
[    0.032005] Spectre V1 : Mitigation: usercopy/swapgs barriers and __user pointer sanitization
[    0.036005] Spectre V2 : Mitigation: Full generic retpoline
[    0.037371] Spectre V2 : Spectre v2 / SpectreRSB mitigation: Filling RSB on context switch
[    0.040005] Speculative Store Bypass: Vulnerable
[    0.041212] MDS: Vulnerable: Clear CPU buffers attempted, no microcode
[    0.044177] Freeing SMP alternatives memory: 36K
[    0.157945] smpboot: CPU0: Intel(R) Core(TM) i5-8279U CPU @ 2.40GHz (family: 0x6, model: 0x8e, stepping: 0xa)
[    0.160094] Performance Events: unsupported p6 CPU model 142 no PMU driver, software events only.
[    0.164068] Hierarchical SRCU implementation.
[    0.168524] NMI watchdog: Perf event create on CPU 0 failed with -2
[    0.172002] NMI watchdog: Perf NMI watchdog permanently disabled
[    0.173106] smp: Bringing up secondary CPUs ...
[    0.173951] x86: Booting SMP configuration:
[    0.174679] .... node  #0, CPUs:      #1
[    0.004000] kvm-clock: cpu 1, msr 0:3ff44041, secondary cpu clock
[    0.252019] smp: Brought up 1 node, 2 CPUs
[    0.256009] smpboot: Max logical packages: 1
[    0.260008] smpboot: Total of 2 processors activated (9600.00 BogoMIPS)
[    0.264177] devtmpfs: initialized
[    0.268110] x86/mm: Memory block size: 128MB
[    0.272246] evm: security.selinux
[    0.276013] evm: security.SMACK64
[    0.280007] evm: security.SMACK64EXEC
[    0.284002] evm: security.SMACK64TRANSMUTE
[    0.288006] evm: security.SMACK64MMAP
[    0.289049] evm: security.apparmor
[    0.292004] evm: security.ima
[    0.292725] evm: security.capability
[    0.294745] clocksource: jiffies: mask: 0xffffffff max_cycles: 0xffffffff, max_idle_ns: 7645041785100000 ns
[    0.296011] futex hash table entries: 512 (order: 3, 32768 bytes)
[    0.304033] pinctrl core: initialized pinctrl subsystem
[    0.305492] RTC time:  6:46:13, date: 03/12/20
[    0.306771] NET: Registered protocol family 16
[    0.308028] audit: initializing netlink subsys (disabled)
[    0.310396] audit: type=2000 audit(1583995571.651:1): state=initialized audit_enabled=0 res=1
[    0.312007] cpuidle: using governor ladder
[    0.313036] cpuidle: using governor menu
[    0.313969] ACPI: bus type PCI registered
[    0.316004] acpiphp: ACPI Hot Plug PCI Controller Driver version: 0.5
[    0.317594] PCI: Using configuration type 1 for base access
[    0.320847] HugeTLB registered 2.00 MiB page size, pre-allocated 0 pages
[    0.324081] ACPI: Added _OSI(Module Device)
[    0.324862] ACPI: Added _OSI(Processor Device)
[    0.325648] ACPI: Added _OSI(3.0 _SCP Extensions)
[    0.326491] ACPI: Added _OSI(Processor Aggregator Device)
[    0.328006] ACPI: Added _OSI(Linux-Dell-Video)
[    0.328766] ACPI: Added _OSI(Linux-Lenovo-NV-HDMI-Audio)
[    0.329707] ACPI: Added _OSI(Linux-HPI-Hybrid-Graphics)
[    0.332337] ACPI: Executed 1 blocks of module-level executable AML code
[    0.338678] ACPI: Interpreter enabled
[    0.339618] ACPI: (supports S0 S5)
[    0.340003] ACPI: Using IOAPIC for interrupt routing
[    0.341008] PCI: Using host bridge windows from ACPI; if necessary, use "pci=nocrs" and report a bug
[    0.342680] ACPI: Enabled 2 GPEs in block 00 to 07
[    0.350163] ACPI: PCI Root Bridge [PCI0] (domain 0000 [bus 00-ff])
[    0.352021] acpi PNP0A03:00: _OSC: OS supports [ASPM ClockPM Segments MSI]
[    0.356053] acpi PNP0A03:00: _OSC: not requesting OS control; OS requires [ExtendedConfig ASPM ClockPM MSI]
[    0.360028] acpi PNP0A03:00: fail to add MMCONFIG information, can't access extended PCI configuration space under this bridge.
[    0.364396] PCI host bridge to bus 0000:00
[    0.368006] pci_bus 0000:00: root bus resource [io  0x0000-0x0cf7 window]
[    0.372010] pci_bus 0000:00: root bus resource [io  0x0d00-0xffff window]
[    0.376010] pci_bus 0000:00: root bus resource [mem 0x000a0000-0x000bffff window]
[    0.380008] pci_bus 0000:00: root bus resource [mem 0x40000000-0xfdffffff window]
[    0.381296] pci_bus 0000:00: root bus resource [bus 00-ff]
[    0.386324] pci 0000:00:01.1: legacy IDE quirk: reg 0x10: [io  0x01f0-0x01f7]
[    0.387515] pci 0000:00:01.1: legacy IDE quirk: reg 0x14: [io  0x03f6]
[    0.388002] pci 0000:00:01.1: legacy IDE quirk: reg 0x18: [io  0x0170-0x0177]
[    0.389222] pci 0000:00:01.1: legacy IDE quirk: reg 0x1c: [io  0x0376]
[    0.405440] pci 0000:00:07.0: quirk: [io  0x4000-0x403f] claimed by PIIX4 ACPI
[    0.408044] pci 0000:00:07.0: quirk: [io  0x4100-0x410f] claimed by PIIX4 SMB
[    0.424273] ACPI: PCI Interrupt Link [LNKA] (IRQs 5 9 10 *11)
[    0.425953] ACPI: PCI Interrupt Link [LNKB] (IRQs 5 9 *10 11)
[    0.428199] ACPI: PCI Interrupt Link [LNKC] (IRQs 5 *9 10 11)
[    0.432135] ACPI: PCI Interrupt Link [LNKD] (IRQs 5 9 10 *11)
[    0.434023] SCSI subsystem initialized
[    0.436049] pci 0000:00:02.0: vgaarb: setting as boot VGA device
[    0.438529] pci 0000:00:02.0: vgaarb: VGA device added: decodes=io+mem,owns=io+mem,locks=none
[    0.440019] pci 0000:00:02.0: vgaarb: bridge control possible
[    0.444005] vgaarb: loaded
[    0.444762] ACPI: bus type USB registered
[    0.445821] usbcore: registered new interface driver usbfs
[    0.448026] usbcore: registered new interface driver hub
[    0.448967] usbcore: registered new device driver usb
[    0.449890] EDAC MC: Ver: 3.0.0
[    0.452019] PCI: Using ACPI for IRQ routing
[    0.453021] NetLabel: Initializing
[    0.456006] NetLabel:  domain hash size = 128
[    0.460004] NetLabel:  protocols = UNLABELED CIPSOv4 CALIPSO
[    0.464043] NetLabel:  unlabeled traffic allowed by default
[    0.468108] clocksource: Switched to clocksource kvm-clock
[    0.560] S:isquasqu_6.0
[   0.973606] VFS: Dquot-cache hash table entries: 512 (order 0, 4096 bytes)
[    1.010650] AppArmor: AppArmor Filesystem Enabled
[    1.011592] pnp: PnP ACPI init
[    1.013248] pnp: PnP ACPI: found 3 devices
[    1.0246clocouce: acpi_pm: mk: 0xffffff max_cycles: 0xffffff, max_idle_ns: 2085701024 ns
[    1.224867] NET: Registered protocol family 2

[    1.225801] TCP established hash table entries: 8192 (order: 4, 65536 bytes)
[    1.227045] TCP bind hash table entries: 8192 (order: 5, 13107 bes
[  1381]CPHa table cnfur (stlied19bi 82)
[    2.009467] UDP hash table entries: 512 (order: 2, 184yt)  2.6845] UDP-Lite hash table etries: 512 (order: 2, 16384 bytes)
[    2.306411] NET: Registered protocol family 1
[    2.307471] pci 0000:00:00.0: Limiting direct PCI/PCI transfers
[    2.309010] pci 0000:00:01.0: Activating ISA DMA hang worarnd
[   2147] pci 0000:0:.0Vio vi wh adedOMt [m 0x0000000x0dff][  3006]Unpacking initramfs...

[    3.644226] Freeing initrd memory: 19728K
[    3.728940] clocksource: tsc: mask: 0xffffffffffffffff max_cycles: 0x22983777dd9, max_idle_ns: 440795300422 ns
[    3.984808] platform rtc_cmos: registered platform RTC device (no PNP device found)
[    4.047082] Scanning for low memory corruption every 60 seconds
[    4.206544] Initialise system trusted keyrings
[    4.306883] Key type blacklist registered
[    4.416445] workingset: timestamp_bits=36 max_order=18 bucket_order=0
[    4.468180] zbud: loaded
[    4.473112] squashfs: version 4.0 (2009/01/31) Phillip Lougher
[    4.474747] fuse init (API version 7.26)
[    4.479094] Key type asymmetric registered
[    4.480142] Asymmetric key parser 'x509' registered
[    4.481351] Block layer SCSI generic (bsg) driver version 0.4 loaded (major 246)
[    4.483120] io scheduler noop registered
[    4.484154] io scheduler deadline registered
[    4.485115] io scheduler cfq registered (default)
[    4.486834] ACPI: AC Adapter [AC] (on-line)
[    4.489023] input: Power Button as /devices/LNXSYSTM:00/LNXPWRBN:00/input/input0
[    4.490892] ACPI: Power Button [PWRF]
[    4.491942] input: Sleep Button as /devices/LNXSYSTM:00/LNXSLPBN:00/input/input1
[    4.497667] ACPI: Sleep Button [SLPF]
[    4.498946] Serial: 8250/16550 driver, 32 ports, IRQ sharing enabled
[    4.500184] ACPI: Battery Slot [BAT0] (battery present)
[    4.529743] 00:02: ttyS0 at I/O 0x3f8 (irq = 4, base_baud = 115200) is a 16550A
[    4.542547] Linux agpgart interface v0.103
[    4.546415] loop: module loaded
[    4.547469] scsi host0: ata_piix
[    4.548183] scsi host1: ata_piix
[    4.548787] ata1: PATA max UDMA/33 cmd 0x1f0 ctl 0x3f6 bmdma 0xd000 irq 14
[    4.549922] ata2: PATA max UDMA/33 cmd 0x170 ctl 0x376 bmdma 0xd008 irq 15
[    4.551170] libphy: Fixed MDIO Bus: probed
[    4.553143] tun: Universal TUN/TAP device driver, 1.6
[    4.554068] PPP generic driver version 2.4.2
[    4.554887] ehci_hcd: USB 2.0 'Enhanced' Host Controller (EHCI) Driver
[    4.555991] ehci-pci: EHCI PCI platform driver
[    4.556819] ehci-platform: EHCI generic platform driver
[    4.557712] ohci_hcd: USB 1.1 'Open' Host Controller (OHCI) Driver
[    4.558736] ohci-pci: OHCI PCI platform driver
[    4.559506] ohci-platform: OHCI generic platform driver
[    4.560472] uhci_hcd: USB Universal Host Controller Interface driver
[    4.561570] i8042: PNP: PS/2 Controller [PNP0303:PS2K,PNP0f03:PS2M] at 0x60,0x64 irq 1,12
[    4.563390] serio: i8042 KBD port at 0x60,0x64 irq 1
[    4.564304] serio: i8042 AUX port at 0x60,0x64 irq 12
[    4.565348] mousedev: PS/2 mouse deiice common for all mice
[    4.849081] input: AT Translated Set 2 keyboard as /devices/platform/i8042/serio0/input/input2
[    4.854588] rtcm r_cs:rtc core: registered rtc_cmos as rtc0
[    5.328689] rtc_cmos rtc_cmos: alarms up to one day, 114 bytes nvram
[    5.454142] i2c /dev entries driver
[    5.511178] device-mapper: uevent: version 1.0.3
[    5.548513] device-mapper: ioctl: 4.37.0-ioctl (2017-09-20) initialised: dm-devel@redhat.com
[    5.567462] ledtrig-cpu: registered to indicate activity on CPUs
[    5.578289] NET: Registered protocol family 10
[    5.584615] Segment Routing with IPv6
[    5.585557] NET: Registered protocol family 17
[    5.586657] Key type dns_resolver registered
[    5.587881] mce: Using 0 MCE banks
[    5.588825] RAS: Correctable Errors collector initialized.
[    5.590151] sched_clock: Marking stable (5588803612, 0)->(13808084208, -8219280596)
[    5.593838] registered taskstats version 1
[    5.596985] Loading compiled-in X.509 certificates
[    5.600457] Loaded X.509 cert 'Build time autogenerated kernel key: f0020782f0d3a548186fb3f47aed88387a71e859'
[    5.609997] zswap: loaded using pool lzo/zbud
[    5.614351] Key type big_key registered
[    5.615191] Key type trusted registered
[    5.626753] Key type encrypted registered
[    5.627456] AppArmor: AppArmor sha1 policy hashing enabled
[    5.661652] ima: No TPM chip found, activating TPM-bypass! (rc=-19)
[    5.808426] ima: Allocated hash algorithm: sha1
[    5.905924] evm: HMAC attrs: 0x1
[    5.957530]   Magic number: 12:751:771
[    6.048447] rtc_cmos rtc_cmos: setting system clock to 2020-03-12 06:46:20 UTC (1583995580)
[    6.055544] BIOS EDD facility v0.16 2004-Jun-25, 0 devices found
[    6.056584] EDD information not available.
[    6.059496] Freeing unused kernel image memory: 2428K
[    6.079869] Write protecting the kernel read-only data: 20480k
[    6.228702] Freeing unused kernel image memory: 2008K
[    7.109701] Freeing unused kernel image memory: 1880K
[    8.119664] x86/mm: Checked W+X mappings: passed, no W+X pages found.
[    9.219149] x86/mm: Checking user space page tables
[    9.960061] x86/mm: Checked W+X mappings: passed, no W+X pages found.
Loading, please wait...
starting version 237
[   10.954554] Fusion MPT base driver 3.04.20
[   11.022486] Copyright (c) 1999-2008 LSI Corporation
[   11.028417] e1000: Intel(R) PRO/1000 Network Driver - version 7.3.21-k8-NAPI
[   11.032818] e1000: Copyright (c) 1999-2006 Intel Corporation.
[   11.043333] Fusion MPT SPI Host driver 3.04.20
[   11.050317] AVX2 version of gcm_enc/dec engaged.
[   11.054109] AES CTR mode by8 optimization enabled
[   11.241012] input: ImExPS/2 Generic Explorer Mouse as /devices/platform/i8042/serio1/input/input4
[   11.440531] e1000 0000:00:03.0 eth0: (PCI:33MHz:32-bit) 02:5f:72:41:67:a2
[   11.494797] e1000 0000:00:03.0 eth0: Intel(R) PRO/1000 Network Connection
[   11.503470] mptbase: ioc0: Initiating bringup
[   11.600562] ioc0: LSI53C1030 A0: Capabilities={Initiator}
[   12.091800] scsi host2: ioc0: LSI53C1030 A0, FwRev=00000000h, Ports=1, MaxQ=256, IRQ=20
[   12.261720] scsi 2:0:0:0: Direct-Access     VBOX     HARDDISK         1.0  PQ: 0 ANSI: 5
[   12.502004] scsi target2:0:0: Beginning Domain Validation
[   12.598661] scsi target2:0:0: Domain Validation skipping write tests
[   12.599770] scsi target2:0:0: Ending Domain Validation
[   12.600729] scsi target2:0:0: asynchronous
[   12.630631] scsi 2:0:1:0: Direct-Access     VBOX     HARDDISK         1.0  PQ: 0 ANSI: 5
[   12.844321] scsi target2:0:1: Beginning Domain Validation
[   12.872677] e1000 0000:00:08.0 eth1: (PCI:33MHz:32-bit) 08:00:27:ba:16:de
[   12.886930] random: fast init done
[   12.901204] e1000 0000:00:08.0 eth1: Intel(R) PRO/1000 Network Connection
[   12.926181] scsi target2:0:1: Domain Validation skipping write tests
[   13.062682] scsi target2:0:1: Ending Domain Validation
[   13.102670] random: systemd-udevd: uninitialized urandom read (16 bytes read)
[   13.102747] scsi target2:0:1: asynchronous
[   13.110604] random: systemd-udevd: uninitialized urandom read (16 bytes read)
[   13.153129] sd 2:0:0:0: Attached scsi generic sg0 type 0
[   13.217536] random: systemd-udevd: uninitialized urandom read (16 bytes read)
[   13.220732] sd 2:0:1:0: Attached scsi generic sg1 type 0
[   13.231639] e1000 0000:00:03.0 enp0s3: renamed from eth0
[   13.234964] sd 2:0:1:0: [sdb] 20480 512-byte logical blocks: (10.5 MB/10.0 MiB)
[   13.248290] sd 2:0:0:0: [sda] 20971520 512-byte logical blocks: (10.7 GB/10.0 GiB)
[   13.251719] sd 2:0:1:0: [sdb] Write Protect is off
[   13.254489] sd 2:0:0:0: [sda] Write Protect is off
[   13.257749] e1000 0000:00:08.0 enp0s8: renamed from eth1
[   13.260950] sd 2:0:0:0: [sda] Incomplete mode parameter data
[   13.266595] sd 2:0:0:0: [sda] Assuming drive cache: write through
[   13.268039] sd 2:0:1:0: [sdb] Incomplete mode parameter data
[   13.269899] sd 2:0:1:0: [sdb] Assuming drive cache: write through
[   13.275448]  sda: sda1
[   13.312677] sd 2:0:1:0: [sdb] Attached SCSI disk
[   13.313536] sd 2:0:0:0: [sda] Attached SCSI disk
Begin: Loading essential drivers ... [   14.660586] raid6: sse2x1   gen() 13714 MB/s
[   14.808169] raid6: sse2x1   xor() 10065 MB/s
[   14.968221] raid6: sse2x2   gen() 16325 MB/s
[   15.108228] raid6: sse2x2   xor() 11354 MB/s
[   15.168191] raid6: sse2x4   gen() 19316 MB/s
[   15.272045] raid6: sse2x4   xor() 12192 MB/s
[   15.428128] raid6: avx2x1   gen() 23899 MB/s
[   15.476469] raid6: avx2x1   xor() 16948 MB/s
[   15.608243] raid6: avx2x2   gen() 31557 MB/s
[   15.672133] raid6: avx2x2   xor() 20700 MB/s
[   15.812172] raid6: avx2x4   gen() 38728 MB/s
[   15.972301] raid6: avx2x4   xor() 22518 MB/s
[   16.050404] raid6: using algorithm avx2x4 gen() 38728 MB/s
[   16.134174] raid6: .... xor() 22518 MB/s, rmw enabled
[   16.195389] raid6: using avx2x2 recovery algorithm
[   16.287162] xor: automatically using best checksumming function   avx       
[   16.505835] async_tx: api initialized (async)
done.
Begin: Running /scripts/init-premount ... done.
Begin: Mounting root file system ... Begin: Running /scripts/local-top ... done.
Begin: Running /scripts/local-premount ... [   16.574506] Btrfs loaded, crc32c=crc32c-intel
Scanning for Btrfs filesystems
done.
Warning: fsck not present, so skipping root file system
[   16.595548] EXT4-fs (sda1): INFO: recovery required on readonly filesystem
[   16.596821] EXT4-fs (sda1): write access will be enabled during recovery
[   16.619284] EXT4-fs (sda1): recovery complete
[   16.620395] EXT4-fs (sda1): mounted filesystem with ordered data mode. Opts: (null)
done.
Begin: Running /scripts/local-bottom ... done.
Begin: Running /scripts/init-bottom ... done.
[   16.807525] ip_tables: (C) 2000-2006 Netfilter Core Team
[   16.816736] systemd[1]: systemd 237 running in system mode. (+PAM +AUDIT +SELINUX +IMA +APPARMOR +SMACK +SYSVINIT +UTMP +LIBCRYPTSETUP +GCRYPT +GNUTLS +ACL +XZ +LZ4 +SECCOMP +BLKID +ELFUTILS +KMOD -IDN2 +IDN -PCRE2 default-hierarchy=hybrid)
[   16.820209] systemd[1]: Detected virtualization oracle.
[   16.821125] systemd[1]: Detected architecture x86-64.

Welcome to [1mUbuntu 18.04.2 LTS[0m!

[   16.828727] systemd[1]: Set hostname to <ubuntu-bionic>.
[   17.040143] systemd[1]: Started Forward Password Requests to Wall Directory Watch.
[[0;32m  OK  [0m] Started Forward Password Requests to Wall Directory Watch.
[   17.042933] systemd[1]: Reached target User and Group Name Lookups.
[[0;32m  OK  [0m] Reached target User and Group Name Lookups.
[   17.045241] systemd[1]: Reached target System Time Synchronized.
[[0;32m  OK  [0m] Reached target System Time Synchronized.
[   17.047565] systemd[1]: Set up automount Arbitrary Executable File Formats File System Automount Point.
[[0;32m  OK  [0m] Set up automount Arbitrary Executab…rmats File System Automount Point.
[   17.055017] systemd[1]: Created slice User and Session Slice.
[[0;32m  OK  [0m] Created slice User and Session Slice.
[   17.137084] systemd[1]: Reached target Swap.
[[0;32m  OK  [0m] Reached target Swap.
[[0;32m  OK  [0m] Created slice System Slice.
[[0;32m  OK  [0m] Listening on LVM2 metadata daemon socket.
[[0;32m  OK  [0m] Reached target Slices.
[[0;32m  OK  [0m] Listening on Journal Socket.
[[0;32m  OK  [0m] Listening on Syslog Socket.
[[0;32m  OK  [0m] Listening on Journal Audit Socket.
[[0;32m  OK  [0m] Listening on Network Service Netlink Socket.
         Starting Create list of required st…ce nodes for the current kernel...
[[0;32m  OK  [0m] Listening on udev Control Socket.
         Mounting Kernel Debug File System...
         Starting Load Kernel Modules...
[   17.443880] Loading iSCSI transport class v2.0-870.
         Mounting Huge Pa[   17.513868] iscsi: registered transport (tcp)
ges File System...
[[0;32m  OK  [0m] Listening on /dev/initctl Compatibility Named Pipe.
[[0;32m  OK  [0m] Listening on Device-mapper event daemon FIFOs.
[   17.634652] iscsi: registered transport (iser)
         Starting Remount Root and Kernel File Systems...
         Starting Monitoring of LVM2 mirrors…ng dmeventd or progress polling...
[[0;32m  OK  [0m] Listening on LVM2 poll daemon socket.
[[0;32m  OK  [0m] Listening on udev Kernel Socket.
         [   17.692330] EXT4-fs (sda1): re-mounted. Opts: (null)
Starting udev Coldplug all Devices...
         Mounting POSIX Message Queue File System...
         Starting Set the console keyboard layout...
[[0;32m  OK  [0m] Created slice system-serial\x2dgetty.slice.
         Starting Uncomplicated firewall...
[[0;32m  OK  [0m] Listening on Journal Socket (/dev/log).
         Starting Journal Service...
[[0;32m  OK  [0m] Started Create list of required sta…vice nodes for the current kernel.
[[0;32m  OK  [0m] Started Journal Service.
[[0;32m  OK  [0m] Mounted Kernel Debug File System.
[[0;32m  OK  [0m] Started Load Kernel Modules.
[[0;32m  OK  [0m] Mounted Huge Pages File System.
[[0;32m  OK  [0m] Started Remount Root and Kernel File Systems.
[[0;32m  OK  [0m] Mounted POSIX Message Queue File System.
[[0;32m  OK  [0m] Started Set the console keyboard layout.
[[0;32m  OK  [0m] Started Uncomplicated firewall.
[[0;32m  OK  [0m] Started LVM2 metadata daemon.
         Starting Load/Save Random Seed...
         Mounting Kernel Configuration File System...
[   18.196687] random: crng init done
[   18.262047] random: 7 urandom warning(s) missed due to ratelimiting
         Mounting FUSE Control File System...
         Starting Apply Kernel Variables...
         Starting Flush Journal to Persistent Storage...
         Starting Create Static Device Nodes in /dev...
[[0;32m  OK  [0m] Started Monitoring of LVM2 mirrors,…sing dmeventd or progress polling.
[[0;32m  OK  [0m] Started udev Coldplug all Devices.
[[0;32m  OK  [0m] Started Load/Save Random Seed.
[[0;32m  OK  [0m] Mounted Kernel Configuration File System.
[[0;32m  OK  [0m] Mounted FUSE Control File System.
[[0;32m  OK  [0m] Started Apply Kernel Variables.
[[0;32m  OK  [0m] Started Create Static Device Nodes in /dev.
         Starting udev Kernel Device Manager...
[[0;32m  OK  [0m] Reached target Local File Systems (Pre).
[[0;32m  OK  [0m] Reached target Local File Systems.
         Starting Set console font and keymap...
         Starting ebtables ruleset management...
         Starting Tell Plymouth To Write Out Runtime Data...
         Starting AppArmor initialization...
[[0;32m  OK  [0m] Started udev Kernel Device Manager.
[[0;32m  OK  [0m] Started Dispatch Password Requests to Console Directory Watch.
[[0;32m  OK  [0m] Reached target Local Encrypted Volumes.
[[0;32m  OK  [0m] Started Set console font and keymap.
[[0;32m  OK  [0m] Started Tell Plymouth To Write Out Runtime Data.
[[0;32m  OK  [0m] Started ebtables ruleset management.
[[0;32m  OK  [0m] Started Flush Journal to Persistent Storage.
         Starting Create Volatile Files and Directories...
[[0;32m  OK  [0m] Started Create Volatile Files and Directories.
[[0;32m  OK  [0m] Found device /dev/ttyS0.
[[0;32m  OK  [0m] Listening on Load/Save RF Kill Switch Status /dev/rfkill Watch.
         Starting Update UTMP about System Boot/Shutdown...
[[0;32m  OK  [0m] Started AppArmor initialization.
         Starting Initial cloud-init job (pre-networking)...
[[0;32m  OK  [0m] Started Update UTMP about System Boot/Shutdown.
[   19.878491] cloud-init[543]: Cloud-init v. 19.1-1-gbaa47854-0ubuntu1~18.04.1 running 'init-local' at Thu, 12 Mar 2020 06:46:34 +0000. Up 19.69 seconds.
[[0;32m  OK  [0m] Started Initial cloud-init job (pre-networking).
[[0;32m  OK  [0m] Reached target Network (Pre).
         Starting Network Service...
[[0;32m  OK  [0m] Started Network Service.
         Starting Wait for Network to be Configured...
         Starting Network Name Resolution...
[[0;32m  OK  [0m] Started Network Name Resolution.
[[0;32m  OK  [0m] Reached target Host and Network Name Lookups.
[[0;32m  OK  [0m] Reached target Network.
[[0;32m  OK  [0m] Started Wait for Network to be Configured.
         Starting Initial cloud-init job (metadata service crawler)...
[   22.553880] cloud-init[719]: Cloud-init v. 19.1-1-gbaa47854-0ubuntu1~18.04.1 running 'init' at Thu, 12 Mar 2020 06:46:36 +0000. Up 22.44 seconds.
[   22.580345] cloud-init[719]: ci-info: ++++++++++++++++++++++++++++++++++++++Net device info+++++++++++++++++++++++++++++++++++++++
[   22.582448] cloud-init[719]: ci-info: +--------+------+-----------------------------+---------------+--------+-------------------+
[   22.584526] cloud-init[719]: ci-info: | Device |  Up  |           Address           |      Mask     | Scope  |     Hw-Address    |
[   22.586587] cloud-init[719]: ci-info: +--------+------+-----------------------------+---------------+--------+-------------------+
[   22.589666] cloud-init[719]: ci-info: | enp0s3 | True |          10.0.2.15          | 255.255.255.0 | global | 02:5f:72:41:67:a2 |
[   22.591827] cloud-init[719]: ci-info: | enp0s3 | True |  fe80::5f:72ff:fe41:67a2/64 |       .       |  link  | 02:5f:72:41:67:a2 |
[   22.613878] cloud-init[719]: ci-info: | enp0s8 | True |        192.168.33.10        | 255.255.255.0 | global | 08:00:27:ba:16:de |
[   22.616278] cloud-init[719]: ci-info: | enp0s8 | True | fe80::a00:27ff:feba:16de/64 |       .       |  link  | 08:00:27:ba:16:de |
[   22.618435] cloud-init[719]: ci-info: |   lo   | True |          127.0.0.1          |   255.0.0.0   |  host  |         .         |
[   22.632299] cloud-init[719]: ci-info: |   lo   | True |           ::1/128           |       .       |  host  |         .         |
[   22.640917] cloud-init[719]: ci-info: +--------+------+-----------------------------+---------------+--------+-------------------+
[   22.643308] cloud-init[719]: ci-info: +++++++++++++++++++++++++++++Route IPv4 info+++++++++++++++++++++++++++++
[   22.645587] cloud-init[719]: ci-info: +-------+--------------+----------+-----------------+-----------+-------+
[   22.648527] cloud-init[719]: ci-info: | Route | Destination  | Gateway  |     Genmask     | Interface | Flags |
[   22.655366] cloud-init[719]: ci-info: +-------+--------------+----------+-----------------+-----------+-------+
[   22.657563] cloud-init[719]: ci-info: |   0   |   0.0.0.0    | 10.0.2.2 |     0.0.0.0     |   enp0s3  |   UG  |
[   22.659725] cloud-init[719]: ci-info: |   1   |   10.0.2.0   | 0.0.0.0  |  255.255.255.0  |   enp0s3  |   U   |
[   22.663036] cloud-init[719]: ci-info: |   2   |   10.0.2.2   | 0.0.0.0  | 255.255.255.255 |   enp0s3  |   UH  |
[   22.666822] cloud-init[719]: ci-info: |   3   | 192.168.33.0 | 0.0.0.0  |  255.255.255.0  |   enp0s8  |   U   |
[   22.669635] cloud-init[719]: ci-info: +-------+--------------+----------+-----------------+-----------+-------+
[   22.672837] cloud-init[719]: ci-info: +++++++++++++++++++Route IPv6 info+++++++++++++++++++
[   22.676203] cloud-init[719]: ci-info: +-------+-------------+---------+-----------+-------+
[   22.679616] cloud-init[719]: ci-info: | Route | Destination | Gateway | Interface | Flags |
[   22.680874] cloud-init[719]: ci-info: +-------+-------------+---------+-----------+-------+
[   22.684107] cloud-init[719]: ci-info: |   1   |  fe80::/64  |    ::   |   enp0s8  |   U   |
[   22.685619] cloud-init[719]: ci-info: |   2   |  fe80::/64  |    ::   |   enp0s3  |   U   |
[   22.689469] cloud-init[719]: ci-info: |   4   |    local    |    ::   |   enp0s3  |   U   |
[   22.690769] cloud-init[719]: ci-info: |   5   |    local    |    ::   |   enp0s8  |   U   |
[   22.692031] cloud-init[719]: ci-info: |   6   |   ff00::/8  |    ::   |   enp0s8  |   U   |
[   22.693259] cloud-init[719]: ci-info: |   7   |   ff00::/8  |    ::   |   enp0s3  |   U   |
[   22.694443] cloud-init[719]: ci-info: +-------+-------------+---------+-----------+-------+
[[0;32m  OK  [0m] Started Initial cloud-init job (metadata service crawler).
[[0;32m  OK  [0m] Reached target Cloud-config availability.
[[0;32m  OK  [0m] Reached target Network is Online.
[[0;32m  OK  [0m] Reached target Remote File Systems (Pre).
[[0;32m  OK  [0m] Reached target Remote File Systems.
         Starting Availability of block devices...
[[0;32m  OK  [0m] Reached target System Initialization.
[[0;32m  OK  [0m] Started Message of the Day.
         Starting LXD - unix socket.
         Starting Socket activation for snappy daemon.
[[0;32m  OK  [0m] Listening on ACPID Listen Socket.
[[0;32m  OK  [0m] Started Daily Cleanup of Temporary Directories.
[[0;32m  OK  [0m] Listening on D-Bus System Message Bus Socket.
[[0;32m  OK  [0m] Started Daily apt download activities.
[[0;32m  OK  [0m] Listening on UUID daemon activation socket.
[[0;32m  OK  [0m] Started Daily apt upgrade and clean activities.
[[0;32m  OK  [0m] Listening on Open-iSCSI iscsid Socket.
[[0;32m  OK  [0m] Started Discard unused blocks once a week.
[[0;32m  OK  [0m] Reached target Timers.
[[0;32m  OK  [0m] Started ACPI Events Check.
[[0;32m  OK  [0m] Reached target Paths.
[[0;32m  OK  [0m] Started Availability of block devices.
[[0;32m  OK  [0m] Listening on LXD - unix socket.
[[0;32m  OK  [0m] Listening on Socket activation for snappy daemon.
[[0;32m  OK  [0m] Reached target Sockets.
[[0;32m  OK  [0m] Reached target Basic System.
         Starting Permit User Sessions...
         Starting LSB: automatic crash report generation...
[[0;32m  OK  [0m] Started FUSE filesystem for LXC.
         Starting Dispatcher daemon for systemd-networkd...
         Starting Snappy daemon...
[[0;32m  OK  [0m] Started Deferred execution scheduler.
[[0;32m  OK  [0m] Started irqbalance daemon.
         Starting vboxadd.service...
         Starting System Logging Service...
         Starting Accounts Service...
[[0;32m  OK  [0m] Started Regular background program processing daemon.
         Starting LSB: Record successful boot for GRUB...
         Starting Login Service...
         Starting OpenBSD Secure Shell server...
[[0;32m  OK  [0m] Started D-Bus System Message Bus.
         Starting LXD - container startup/shutdown...
[[0;32m  OK  [0m] Started System Logging Service.
[[0;32m  OK  [0m] Started Snappy daemon.
[[0;32m  OK  [0m] Started Permit User Sessions.
         Starting Hold until boot process finishes up...
         Starting Terminate Plymouth Boot Screen...
         Starting Wait until snapd is fully seeded...
[[0;32m  OK  [0m] Started OpenBSD Secure Shell server.
[[0;32m  OK  [0m] Started Hold until boot process finishes up.
[[0;32m  OK  [0m] Started Terminate Plymouth Boot Screen.
[[0;32m  OK  [0m] Started Login Service.
[[0;32m  OK  [0m] Started Unattended Upgrades Shutdown.
         Starting Set console scheme...
[[0;32m  OK  [0m] Started Serial Getty on ttyS0.
[[0;32m  OK  [0m] Started Dispatcher daemon for systemd-networkd.
[[0;32m  OK  [0m] Started Set console scheme.
[[0;32m  OK  [0m] Started Wait until snapd is fully seeded.
         Starting Authorization Manager...
         Starting Apply the settings specified in cloud-config...
[[0;32m  OK  [0m] Created slice system-getty.slice.
[[0;32m  OK  [0m] Started Getty on tty1.
[[0;32m  OK  [0m] Reached target Login Prompts.
[[0;32m  OK  [0m] Started LSB: automatic crash report generation.
[[0;32m  OK  [0m] Started Authorization Manager.
[[0;32m  OK  [0m] Started LSB: Record successful boot for GRUB.
[[0;32m  OK  [0m] Started Accounts Service.
[[0;32m  OK  [0m] Started LXD - container startup/shutdown.
[[0;32m  OK  [0m] Started vboxadd.service.
         Starting vboxadd-service.service...
[[0;32m  OK  [0m] Started vboxadd-service.service.
[[0;32m  OK  [0m] Reached target Multi-User System.
[[0;32m  OK  [0m] Reached target Graphical Interface.
         Starting Update UTMP about System Runlevel Changes...
[[0;32m  OK  [0m] Started Update UTMP about System Runlevel Changes.
[   24.432494] cloud-init[1122]: Cloud-init v. 19.1-1-gbaa47854-0ubuntu1~18.04.1 running 'modules:config' at Thu, 12 Mar 2020 06:46:38 +0000. Up 24.34 seconds.
[[0;32m  OK  [0m] Started Apply the settings specified in cloud-config.
         Starting Execute cloud user/final scripts...
[   24.949435] cloud-init[1272]: Cloud-init v. 19.1-1-gbaa47854-0ubuntu1~18.04.1 running 'modules:final' at Thu, 12 Mar 2020 06:46:39 +0000. Up 24.85 seconds.
[[0;32m  OK  [0m] Started Execute cloud user/final scripts.
[   25.083485] [cloud-init[0;32m  OK  [0m[1272]: ] Cloud-init v. 19.1-1-gbaa47854-0ubuntu1~18.04.1 finished at Thu, 12 Mar 2020 06:46:39 +0000. Datasource DataSourceNoCloud [seed=/dev/sdb][dsmode=net].  Up 24.94 secondsReached target Cloud-init target.


Ubuntu 18.04.2 LTS ubuntu-bionic ttyS0

ubuntu-bionic login: 